<?xml version="1.0" encoding="UTF-8"?>
<!-- Generated by org.testng.reporters.JUnitReportReporter -->
<testsuite hostname="Mateen-PC" failures="0" tests="5" name="com.RestAssured.PostMethod" time="6.837" errors="0" timestamp="2020-05-29T12:20:00 IST" skipped="0">
  <testcase classname="com.RestAssured.PostMethod" name="create" time="4.111"/>
  <system-out/>
  <testcase classname="com.RestAssured.PostMethod" name="registerSucessful" time="0.565"/>
  <system-out/>
  <testcase classname="com.RestAssured.PostMethod" name="registerUnSucessful" time="0.756"/>
  <system-out/>
  <testcase classname="com.RestAssured.PostMethod" name="loginSucessful" time="0.741"/>
  <system-out/>
  <testcase classname="com.RestAssured.PostMethod" name="loginUnsucessfull" time="0.664"/>
  <system-out/>
</testsuite> <!-- com.RestAssured.PostMethod -->
