<?xml version="1.0" encoding="UTF-8"?>
<!-- Generated by org.testng.reporters.JUnitReportReporter -->
<testsuite hostname="Mateen-PC" failures="0" tests="1" name="com.RestAssured.Delete" time="4.182" errors="0" timestamp="2020-05-29T12:35:37 IST" skipped="0">
  <testcase classname="com.RestAssured.Delete" name="delete" time="4.182"/>
  <system-out/>
</testsuite> <!-- com.RestAssured.Delete -->
