<?xml version="1.0" encoding="UTF-8"?>
<!-- Generated by org.testng.reporters.JUnitReportReporter -->
<testsuite hostname="Mateen-PC" failures="0" tests="7" name="com.RestAssured.GetMethode" time="8.464" errors="0" timestamp="2020-05-29T12:36:22 IST" skipped="0">
  <testcase classname="com.RestAssured.GetMethode" name="getListUsers" time="3.798"/>
  <system-out/>
  <testcase classname="com.RestAssured.GetMethode" name="getSingleUser" time="0.282"/>
  <system-out/>
  <testcase classname="com.RestAssured.GetMethode" name="SingleUserNotFound" time="0.284"/>
  <system-out/>
  <testcase classname="com.RestAssured.GetMethode" name="ListResource" time="0.267"/>
  <system-out/>
  <testcase classname="com.RestAssured.GetMethode" name="SingleResource" time="0.270"/>
  <system-out/>
  <testcase classname="com.RestAssured.GetMethode" name="SingleResourceNotFound" time="0.866"/>
  <system-out/>
  <testcase classname="com.RestAssured.GetMethode" name="delayResponse" time="2.697"/>
  <system-out/>
</testsuite> <!-- com.RestAssured.GetMethode -->
